[debug] [2023-04-02T17:44:08.997Z] ----------------------------------------------------------------------
[debug] [2023-04-02T17:44:08.999Z] Command:       C:\Program Files\nodejs\node.exe C:\Users\tusvi\AppData\Roaming\npm\node_modules\firebase-tools\lib\bin\firebase.js init
[debug] [2023-04-02T17:44:09.000Z] CLI Version:   11.25.2
[debug] [2023-04-02T17:44:09.000Z] Platform:      win32
[debug] [2023-04-02T17:44:09.000Z] Node Version:  v18.14.2
[debug] [2023-04-02T17:44:09.001Z] Time:          Sun Apr 02 2023 19:44:09 GMT+0200 (Central European Summer Time)
[debug] [2023-04-02T17:44:09.001Z] ----------------------------------------------------------------------
[debug] 
[debug] [2023-04-02T17:44:09.008Z] > command requires scopes: ["email","openid","https://www.googleapis.com/auth/cloudplatformprojects.readonly","https://www.googleapis.com/auth/firebase","https://www.googleapis.com/auth/cloud-platform"]
[debug] [2023-04-02T17:44:09.008Z] > authorizing via signed-in user (tusvik.marius@gmail.com)
[info] 
     ######## #### ########  ######## ########     ###     ######  ########
     ##        ##  ##     ## ##       ##     ##  ##   ##  ##       ##
     ######    ##  ########  ######   ########  #########  ######  ######
     ##        ##  ##    ##  ##       ##     ## ##     ##       ## ##
     ##       #### ##     ## ######## ########  ##     ##  ######  ########

You're about to initialize a Firebase project in this directory:

  C:\Users\tusvi\OneDrive\Dokumenter\GitHub\testing-angular\web

[info] 
=== Project Setup
[info] 
[info] First, let's associate this project directory with a Firebase project.
[info] You can create multiple project aliases by running firebase use --add, 
[info] but for now we'll just set up a default project.
[info] 
